0,0.0,0.0509946346282959,0.9369077761049963
0,1.0,0.031996726989746094,0.9302579791053729
0,2.0,0.02800130844116211,0.9004352107369692
0,3.0,0.028997421264648438,0.945574390889931
0,4.0,0.03103184700012207,0.9603198003897678
0,5.0,0.02899622917175293,0.9608549187413051
0,6.0,0.03096795082092285,0.959078506503438
0,7.0,0.03099846839904785,0.9662207454618744
0,8.0,0.02999734878540039,0.9567459040950338
0,9.0,0.030030012130737305,0.9523901206824619
0,10.0,0.02999591827392578,0.9679013989156672
0,11.0,0.028999805450439453,0.9599930677060466
0,12.0,0.028996706008911133,0.973472213101993
0,13.0,0.029028892517089844,0.967259857857474
0,14.0,0.029963016510009766,0.9482560187243779
0,15.0,0.02899789810180664,0.9602376803276355
0,16.0,0.03002619743347168,0.9585898037003713
0,17.0,0.028997421264648438,0.9759812192160131
0,18.0,0.027005434036254883,0.9429001834532691
0,19.0,0.029967069625854492,0.8852132876163161
0,20.0,0.03099679946899414,0.9332253692725279
0,21.0,0.029029369354248047,0.8871666142529159
0,22.0,0.029030323028564453,0.9800134874521187
0,23.0,0.029999256134033203,0.9706583258890312
0,24.0,0.030995607376098633,0.9607966710033018
0,25.0,0.026968002319335938,0.9661864800714951
0,26.0,0.03096795082092285,0.9704546538625017
0,27.0,0.029028654098510742,0.9690051931205923
0,28.0,0.03296828269958496,0.9519521889991309
0,29.0,0.03099966049194336,0.9687852949286517
0,30.0,0.027996063232421875,0.9569317708445578
0,31.0,0.02896714210510254,0.9582766760122057
0,32.0,0.03199887275695801,0.9643900029584199
0,33.0,0.029000282287597656,0.9514371157516653
0,34.0,0.029967546463012695,0.952085943957362
0,35.0,0.030029296875,0.9530486234942857
0,36.0,0.029994487762451172,0.9580183481325267
0,37.0,0.02899932861328125,0.936059892518585
0,38.0,0.028995513916015625,0.9928287123373567
0,39.0,0.027966737747192383,0.9846117225238027
0,40.0,0.02799820899963379,0.9591616401287523
0,41.0,0.0300290584564209,0.9214191103291821
0,42.0,0.028995275497436523,0.9819158853922296
0,43.0,0.029999494552612305,0.9703420266928663
0,44.0,0.03098917007446289,0.97778900474032
0,45.0,0.03096771240234375,0.9772982209007886
0,46.0,0.032958984375,0.972683181897876
0,47.0,0.029997587203979492,0.9799776990270327
0,48.0,0.029998302459716797,0.9811427348558145
0,49.0,0.029028892517089844,0.986067077647416
0,50.0,0.029998779296875,0.965344619379454
0,51.0,0.028998613357543945,0.9843453583138962
0,52.0,0.029997825622558594,0.9770234310498777
0,53.0,0.02899336814880371,0.9775761066036033
0,54.0,0.02996516227722168,0.9651253986910614
0,55.0,0.03103017807006836,0.9691510236297877
0,56.0,0.028966665267944336,0.8856760366102622
0,57.0,0.02999734878540039,0.9762748795124774
0,58.0,0.029999971389770508,0.9637653379533293
0,59.0,0.02799820899963379,0.9411656037629278
0,60.0,0.030996084213256836,0.980225617106588
0,61.0,0.031000614166259766,0.9700689581401671
0,62.0,0.0299990177154541,0.9741101819014517
0,63.0,0.028996706008911133,0.9767681225407623
0,64.0,0.030028581619262695,0.9582596043086866
0,65.0,0.029993057250976562,0.9819987092316759
0,66.0,0.030030250549316406,0.9867840826640172
0,67.0,0.030997514724731445,0.9788549311018234
0,68.0,0.02999424934387207,0.9649758818250463
0,69.0,0.029966354370117188,0.9751308501961895
0,70.0,0.029998779296875,0.9835781991132466
0,71.0,0.029999732971191406,0.968105477498204
0,72.0,0.030954837799072266,0.9755941243796008
0,73.0,0.02899646759033203,0.9829619592414298
0,74.0,0.030964136123657227,0.9675666367085717
0,75.0,0.028998613357543945,0.8545264973596657
0,76.0,0.028028011322021484,0.9414062526977087
0,77.0,0.02896714210510254,0.9696920038918833
0,78.0,0.029029130935668945,0.9121106342513157
0,79.0,0.02999401092529297,0.9359580025282137
0,80.0,0.029999732971191406,0.9705118054688339
0,81.0,0.028964996337890625,0.9739730473743587
0,82.0,0.030963897705078125,0.9743756116802162
0,83.0,0.03299832344055176,0.9815732440470067
0,84.0,0.02899932861328125,0.9831962503171585
0,85.0,0.030998945236206055,0.9630833547340497
0,86.0,0.03299760818481445,0.9823568302019204
0,87.0,0.029032468795776367,0.9820044246325653
0,88.0,0.028966426849365234,0.9707909798945894
0,89.0,0.03003215789794922,0.9676489612958091
0,90.0,0.02999734878540039,0.9700085744935877
0,91.0,0.027999162673950195,0.8905005430541796
0,92.0,0.02899956703186035,0.9695827672763973
0,93.0,0.02796649932861328,0.9198176328301815
0,94.0,0.029029130935668945,0.9431856455670071
0,95.0,0.031995534896850586,0.9750623602453934
0,96.0,0.029964685440063477,0.9590830173714122
0,97.0,0.029030561447143555,0.9689977514860312
0,98.0,0.02902674674987793,0.9449966561229104
0,99.0,0.02899956703186035,0.9829457849101467
0,100.0,0.029996633529663086,0.9801752020653904
0,101.0,0.030998706817626953,0.9826504978473243
0,102.0,0.031998395919799805,0.9659915804638322
0,103.0,0.03102731704711914,0.9805749184939181
0,104.0,0.03099989891052246,0.9847190276414892
0,105.0,0.029987812042236328,0.9796361470279036
0,106.0,0.02996683120727539,0.9767296799704213
0,107.0,0.0319981575012207,0.9709232311232475
0,108.0,0.0299990177154541,0.9792209728415651
0,109.0,0.02902698516845703,0.9729176554406901
0,110.0,0.028964519500732422,0.9634714528964593
0,111.0,0.02900218963623047,0.9565148254326798
0,112.0,0.029996156692504883,0.9374946890593572
0,114.0,0.029996633529663086,0.9660970861057983
0,115.0,0.03099846839904785,0.9058546385295458
0,116.0,0.028998374938964844,0.9567205408660757
0,117.0,0.029999971389770508,0.9686539557193826
0,118.0,0.028997182846069336,0.9729090460217972
0,119.0,0.03000020980834961,0.9799030289778893
0,120.0,0.02999567985534668,0.982898705437243
0,121.0,0.0319976806640625,0.9823548632178567
0,122.0,0.029997587203979492,0.9842675721740018
0,123.0,0.0319974422454834,0.9841481949967252
0,124.0,0.0299990177154541,0.9812499577743838
0,125.0,0.0319979190826416,0.9750800703128942
0,126.0,0.0299985408782959,0.9893611753537338
0,127.0,0.029998779296875,0.9725052395678696
0,128.0,0.03100109100341797,0.9797147159319359
0,129.0,0.029996871948242188,0.9701169754777064
0,130.0,0.03199958801269531,0.9737607577335172
0,131.0,0.02699732780456543,0.68717781885939
0,132.0,0.0280001163482666,0.8375228623694999
0,133.0,0.03099846839904785,0.9691686980879379
0,134.0,0.031996726989746094,0.9803319923675156
0,135.0,0.027999401092529297,0.9811702895642039
0,136.0,0.030023813247680664,0.9742199061147993
0,137.0,0.028997182846069336,0.9936410589937962
0,138.0,0.0280001163482666,0.9893359911320507
0,139.0,0.029005765914916992,0.9843915069990057
0,140.0,0.02896738052368164,0.9852457187011182
0,141.0,0.028001070022583008,0.9825458706665767
0,142.0,0.030998706817626953,0.9832494449801599
0,143.0,0.032997846603393555,0.9791864763139175
0,144.0,0.0300295352935791,0.9917521514350478
0,145.0,0.03096938133239746,0.9873222704190666
0,146.0,0.031000137329101562,0.9850712203151509
0,147.0,0.029997825622558594,0.9791312722970433
0,148.0,0.029968976974487305,0.9750950874183403
0,149.0,0.028029680252075195,0.9649599968123987
0,150.0,0.02896714210510254,0.7014180415573
0,151.0,0.03002786636352539,0.9423689852834348
0,152.0,0.02799510955810547,0.9321609814214796
0,153.0,0.029968738555908203,0.9321766558545511
0,154.0,0.028028249740600586,0.9515323303416919
0,155.0,0.028995037078857422,0.984146208121792
0,156.0,0.029998064041137695,0.9885167788844214
0,157.0,0.028998136520385742,0.9910656424795782
0,158.0,0.03096771240234375,0.9915997380076905
0,159.0,0.02902960777282715,0.9770504815000987
0,160.0,0.0309598445892334,0.9824672855205948
0,161.0,0.032029151916503906,0.9908216099763605
0,162.0,0.0279996395111084,0.9879438496755991
0,163.0,0.03096795082092285,0.9771214739808508
0,164.0,0.030118465423583984,0.9902791393218434
0,165.0,0.029001712799072266,0.9772278988783456
0,166.0,0.029964923858642578,0.978308110573543
0,167.0,0.031025171279907227,0.9812246727916046
0,168.0,0.028999805450439453,0.974442949851771
0,169.0,0.028965473175048828,0.932801519520185
0,170.0,0.029998064041137695,0.9587102436836855
0,171.0,0.02899909019470215,0.9555951047876674
0,172.0,0.027998924255371094,0.9488721913358299
0,173.0,0.02899765968322754,0.9548141895470545
0,174.0,0.029995203018188477,0.9839493409810661
0,175.0,0.027999401092529297,0.9855030325740589
0,176.0,0.029998064041137695,0.9742795338415053
0,177.0,0.030000686645507812,0.9769792090233511
0,178.0,0.028995990753173828,0.9909601346187881
0,179.0,0.0319976806640625,0.9910290488746758
0,180.0,0.03203082084655762,0.9813360899184818
0,181.0,0.02896738052368164,0.9804930154634404
0,182.0,0.03102731704711914,0.9754725344309861
0,183.0,0.02899789810180664,0.9747813714985547
0,184.0,0.029999971389770508,0.9813943108728084
0,185.0,0.030029296875,0.9452555944254691
0,186.0,0.028029203414916992,0.9772562142597767
0,187.0,0.027027606964111328,0.9036790169897069
0,188.0,0.027999162673950195,0.8747466790605354
0,189.0,0.027999162673950195,0.980319926322967
init solution: max - 0.99,     mean - 0.96,     min - 0.69
0,0,0.03102898597717285,0.9369077761049963
0,1,0.03296542167663574,0.9341402914867613
0,2,0.02899909019470215,0.9007454669230577
0,3,0.028031110763549805,0.943436281306493
0,4,0.030998945236206055,0.9558707294627365
0,5,0.02801227569580078,0.9608549187413051
0,6,0.03096771240234375,0.959078506503438
0,7,0.03202962875366211,0.9662207454618744
0,8,0.029032230377197266,0.9560536647786128
0,9,0.029999256134033203,0.9520648179283833
0,10,0.029998064041137695,0.9680489752049148
0,11,0.030005931854248047,0.9601159681959707
0,12,0.027997493743896484,0.9721851244110924
0,13,0.029964208602905273,0.967259857857474
0,14,0.03099846839904785,0.9497010948436201
0,15,0.027994155883789062,0.9588213008084137
0,16,0.029961585998535156,0.956529528414158
0,17,0.029965639114379883,0.9707368472026039
0,18,0.026994943618774414,0.9429001834532691
0,19,0.029997825622558594,0.8802268517379256
0,20,0.03196454048156738,0.9330876306250542
0,21,0.02899956703186035,0.8777990798034135
0,22,0.02903437614440918,0.9813554015691205
0,23,0.028967857360839844,0.9706448686138544
0,24,0.030997753143310547,0.9620386571631147
0,25,0.027999401092529297,0.9661864800714951
0,26,0.02999591827392578,0.9655371548198738
0,27,0.028998374938964844,0.9707383463961192
0,28,0.03300023078918457,0.9505149931198807
0,29,0.030998706817626953,0.968187589129987
0,30,0.028998851776123047,0.9577417570504447
0,31,0.030001163482666016,0.968489113384199
0,32,0.029998302459716797,0.9643900029584199
0,33,0.029996156692504883,0.9500978094760897
0,34,0.0279998779296875,0.9514001610036238
0,35,0.03099846839904785,0.9568335968542878
0,36,0.029998302459716797,0.9621994669740257
0,37,0.028000593185424805,0.9308810810162219
0,38,0.029997587203979492,0.9891163727331279
0,39,0.029999494552612305,0.9871053350160427
0,40,0.027998685836791992,0.9628862799493144
0,41,0.030001401901245117,0.9313337285782282
0,42,0.029995441436767578,0.9819158853922296
0,43,0.029967069625854492,0.9714898254307229
0,44,0.030997753143310547,0.9793370414829012
0,45,0.029996871948242188,0.9755838052177445
0,46,0.032998085021972656,0.973560405097178
0,47,0.030997514724731445,0.9818836862042337
0,48,0.030031204223632812,0.9804757366961843
0,49,0.02896595001220703,0.9857372443917078
0,50,0.030030012130737305,0.9669943276555746
0,51,0.02999114990234375,0.9814795616206533
0,52,0.02899765968322754,0.9753783915517317
0,53,0.0290219783782959,0.9812678401327483
0,54,0.029998064041137695,0.9682103910061433
0,55,0.029998779296875,0.9618691302382826
0,56,0.027998924255371094,0.885676036610262
0,57,0.0299985408782959,0.981894669961404
0,58,0.02903294563293457,0.9565464081120634
0,59,0.027966022491455078,0.9424159014264434
0,60,0.032212257385253906,0.9844069184162404
0,61,0.0300290584564209,0.9751511899451076
0,62,0.03296971321105957,0.9723584842803162
0,63,0.030030250549316406,0.9812892447588706
0,64,0.029998302459716797,0.9651100541794856
0,65,0.029996156692504883,0.9766534857077084
0,66,0.029964685440063477,0.9875694044565442
0,67,0.02902984619140625,0.978248833769003
0,68,0.029998302459716797,0.96043085928757
0,69,0.030997753143310547,0.9832224168999042
0,70,0.02899765968322754,0.9836619505785771
0,71,0.030007362365722656,0.9739101842008919
0,72,0.03199577331542969,0.9748023178659403
0,73,0.027995586395263672,0.9848012139722262
0,74,0.03099513053894043,0.9624840595446573
0,75,0.027994632720947266,0.8545264973596659
0,76,0.02799248695373535,0.9408491730913978
0,77,0.028972148895263672,0.9766793774523705
0,78,0.029996871948242188,0.9163162817588159
0,79,0.02799510955810547,0.9244247484665136
0,80,0.029996395111083984,0.9749836097277875
0,81,0.02799820899963379,0.976367656145366
0,82,0.030998706817626953,0.9765473338023153
0,83,0.0339968204498291,0.983177716095858
0,84,0.02896738052368164,0.9835553413286773
0,85,0.03102850914001465,0.9712445960358158
0,86,0.03099989891052246,0.9829938277074521
0,87,0.028994321823120117,0.9824160459071579
0,88,0.029967308044433594,0.9710397313382414
0,89,0.029029369354248047,0.9519918153722304
0,90,0.029996871948242188,0.9707147185020192
0,91,0.027991533279418945,0.8935853134194083
0,92,0.028000354766845703,0.968782990571807
0,93,0.02896571159362793,0.9243534571759779
0,94,0.02899932861328125,0.9476965188755005
0,95,0.031998634338378906,0.9777528100829735
0,96,0.028998851776123047,0.9638702887010495
0,97,0.028031110763549805,0.9689977514860312
0,98,0.02899932861328125,0.9550793902701766
0,99,0.0299990177154541,0.9829457849101467
0,100,0.02999591827392578,0.9798686226862517
0,101,0.03200030326843262,0.9758890661854095
0,102,0.030998945236206055,0.9587595479433089
0,103,0.031000137329101562,0.9823161561746385
0,104,0.030992746353149414,0.9863982917768964
0,105,0.030997753143310547,0.978043079362622
0,106,0.03103041648864746,0.9774077250248214
0,107,0.030997753143310547,0.9746001710711041
0,108,0.029998779296875,0.9791446213743682
0,109,0.027962923049926758,0.9743146293870426
0,110,0.029999732971191406,0.9634714528964593
0,111,0.028998136520385742,0.9591075620616549
0,112,0.03099679946899414,0.9359300571399735
0,114,0.029998779296875,0.9645288789740044
0,115,0.030998706817626953,0.9292434998954374
0,116,0.029999256134033203,0.9617583323716391
0,117,0.02999567985534668,0.9657985329175779
0,118,0.026998043060302734,0.964504577653896
0,119,0.02900099754333496,0.9778866201975172
0,120,0.03099679946899414,0.9817063726998846
0,121,0.030999183654785156,0.9812928030802921
0,122,0.0299990177154541,0.9827371781924192
0,123,0.0319976806640625,0.9833736604772728
0,124,0.03099799156188965,0.9812304854729833
0,125,0.03200197219848633,0.9772344520633411
0,126,0.028958797454833984,0.9886751036068201
0,127,0.029999256134033203,0.9725619132715753
0,128,0.029998779296875,0.9771480007462716
0,129,0.03099822998046875,0.9728068027515011
0,130,0.03099846839904785,0.9737291908786625
0,131,0.02899956703186035,0.6891583610265054
0,132,0.029997587203979492,0.8375228623694999
0,133,0.030997514724731445,0.9728594038391022
0,134,0.03297233581542969,0.9664783691294665
0,135,0.027998924255371094,0.9811702895642039
0,136,0.030997276306152344,0.9756120323700652
0,137,0.028998613357543945,0.9919485516130714
0,138,0.028997182846069336,0.9886566277851682
0,139,0.02899789810180664,0.9844939623990764
0,140,0.02999711036682129,0.985922403317481
0,141,0.02799701690673828,0.9802601258827733
0,142,0.03200173377990723,0.9753575131826027
0,143,0.032994985580444336,0.9802787781447493
0,144,0.029999256134033203,0.9917250719219757
0,145,0.029998779296875,0.9831534499462975
0,146,0.030031204223632812,0.9840846336904343
0,147,0.030030250549316406,0.9780226720744031
0,148,0.02899622917175293,0.9744396674274491
0,149,0.027997255325317383,0.9649599968123987
0,150,0.027995824813842773,0.7011311181095804
0,151,0.029998302459716797,0.9510491584447466
0,152,0.027995586395263672,0.9321609814214796
0,153,0.03096771240234375,0.9316556977792082
0,154,0.02902817726135254,0.9551142742413988
0,155,0.02996683120727539,0.9877188008193838
0,156,0.030027389526367188,0.9904718730452238
0,157,0.028992414474487305,0.9871442413356648
0,158,0.03099989891052246,0.9938112349340105
0,159,0.0290069580078125,0.9754448621234982
0,160,0.0300290584564209,0.9851227171936277
0,161,0.030993223190307617,0.9910838383210097
0,162,0.0280001163482666,0.9883485829092371
0,163,0.030988216400146484,0.9733940687552995
0,164,0.030974149703979492,0.9897468942953519
0,165,0.030029773712158203,0.9789385668008659
0,166,0.029035091400146484,0.9771538629742932
0,167,0.030027151107788086,0.9807425022616664
0,168,0.028969287872314453,0.9744984355552914
0,169,0.030029773712158203,0.928326065500853
0,170,0.0299985408782959,0.9587102436836855
0,171,0.029028654098510742,0.9455352261608623
0,172,0.026998519897460938,0.9488721913358299
0,173,0.028995513916015625,0.9548141895470545
0,174,0.030011415481567383,0.9787564565239204
0,175,0.028357982635498047,0.9866570464560283
0,176,0.029031038284301758,0.9746092360063446
0,177,0.02899765968322754,0.9791921950909341
0,178,0.02900075912475586,0.9946017553618967
0,179,0.029967784881591797,0.9935800156761193
0,180,0.03200054168701172,0.982902842205179
0,181,0.029998779296875,0.9788208409749247
0,182,0.02996516227722168,0.9728470710557238
0,183,0.028027772903442383,0.9747611993448776
0,184,0.029998302459716797,0.982221265317061
0,185,0.028995275497436523,0.9431119298010138
0,186,0.02899622917175293,0.9770300843151712
0,187,0.026990175247192383,0.9036790169897069
0,188,0.026998043060302734,0.8742788354201716
0,189,0.02799844741821289,0.980319926322967
init solution: max - 0.99,     mean - 0.96,     min - 0.69
0,0,0.030032634735107422,0.9369077761049963
0,1,0.033997535705566406,0.9385249079128678
0,2,0.02796459197998047,0.9004352107369692
0,3,0.02902960777282715,0.9375667864158347
0,4,0.029997825622558594,0.9555136415306618
0,5,0.028998374938964844,0.9608549187413051
0,6,0.030029773712158203,0.959078506503438
0,7,0.031998395919799805,0.9662207454618744
0,8,0.029997587203979492,0.9567459040950338
0,9,0.029999732971191406,0.95686863317662
0,10,0.03199958801269531,0.9641936244253526
0,11,0.029999494552612305,0.9596079553976198
0,12,0.047997474670410156,0.9722274468391372
0,13,0.0469968318939209,0.9641892244252348
0,14,0.03999686241149902,0.9482560187243779
0,15,0.0299990177154541,0.958368443161218
0,16,0.03099966049194336,0.9589914143649415
0,17,0.03999829292297363,0.9730456378170702
0,18,0.030997514724731445,0.9429001834532691
0,19,0.029999256134033203,0.8783668727055292
0,20,0.03199934959411621,0.9304780174256502
0,21,0.02899909019470215,0.8871666142529159
0,22,0.02899932861328125,0.9813554015691205
0,23,0.029997587203979492,0.9706448686138544
0,24,0.03099966049194336,0.964212087425836
0,25,0.02699756622314453,0.9638785189036039
0,26,0.03099846839904785,0.9682971439209542
0,27,0.029999971389770508,0.9708786712627298
0,28,0.03299856185913086,0.9496958340835542
0,29,0.03099799156188965,0.962764933818572
0,30,0.028998613357543945,0.9601288496061826
0,31,0.029997587203979492,0.9550222863820765
0,32,0.029996871948242188,0.962783045973898
0,33,0.02899765968322754,0.9531633052450218
0,34,0.030031681060791016,0.9530346420301946
0,35,0.029997587203979492,0.9554378714747416
0,36,0.029967784881591797,0.9587179719874529
0,37,0.028998374938964844,0.9302132602307985
0,38,0.028027057647705078,0.9891163727331279
0,39,0.027969837188720703,0.9845209249019371
0,40,0.02899909019470215,0.9628862799493144
0,41,0.0299985408782959,0.9188981064564427
0,42,0.029996633529663086,0.9820750108917552
0,43,0.02897930145263672,0.9729596852645185
0,44,0.030997276306152344,0.9773051202112776
0,45,0.03099966049194336,0.9747183221033976
0,46,0.03299570083618164,0.9777194081400684
0,47,0.029997587203979492,0.9822724040940494
0,48,0.03099799156188965,0.9820674581147595
0,49,0.030031204223632812,0.9852689032414237
0,50,0.028998374938964844,0.9627036278209621
0,51,0.030025720596313477,0.983794185337518
0,52,0.02999734878540039,0.9731058364467394
0,53,0.02902817726135254,0.9803097356898076
0,54,0.028999805450439453,0.967410993539361
0,55,0.03096795082092285,0.9704948432679618
0,56,0.028998136520385742,0.8856760366102622
0,57,0.029031753540039062,0.9811137664462903
0,58,0.03000020980834961,0.9487668335748148
0,59,0.02799844741821289,0.9447309996431847
0,60,0.028998851776123047,0.9739346284067674
0,61,0.029967069625854492,0.9738725141178464
0,62,0.030029773712158203,0.9745054313607434
0,63,0.028995275497436523,0.9771666219433843
0,64,0.02896595001220703,0.965733344759006
0,65,0.03099679946899414,0.9842875591090188
0,66,0.029030323028564453,0.9888126456224897
0,67,0.02996969223022461,0.978535674818685
0,68,0.0299990177154541,0.963365357589003
0,69,0.030996322631835938,0.9830827448324073
0,70,0.029998302459716797,0.9802088506961013
0,71,0.030000925064086914,0.9705549463199966
0,72,0.030998706817626953,0.9762690653094934
0,73,0.028996944427490234,0.9814532805396687
0,74,0.030998945236206055,0.9668362549723132
0,75,0.0280001163482666,0.8545264973596659
0,76,0.02700042724609375,0.9419136497553404
0,77,0.028998851776123047,0.9745671138955259
0,78,0.028996706008911133,0.9137018822048295
0,79,0.028998136520385742,0.9306359501203512
0,80,0.029031753540039062,0.9781803135863265
0,81,0.027997970581054688,0.9742035928289733
0,82,0.030999422073364258,0.9728127115132816
0,83,0.03300166130065918,0.9837159016541264
0,84,0.027960777282714844,0.9860073612632616
0,85,0.03203177452087402,0.9696388493261959
0,86,0.030002832412719727,0.9847484623142438
0,87,0.027965307235717773,0.975209035717524
0,88,0.0300295352935791,0.9747556223104873
0,89,0.029963254928588867,0.9609710019525519
0,90,0.028998613357543945,0.9707795950254531
0,91,0.02802753448486328,0.8905005430541796
0,92,0.027968406677246094,0.9694972245147012
0,93,0.029031038284301758,0.9228362132617508
0,94,0.027997970581054688,0.9476965188755005
0,95,0.0319671630859375,0.9740843067445193
0,96,0.029033899307250977,0.9588891121881082
0,97,0.02799820899963379,0.964088171296489
0,98,0.028969526290893555,0.9528684394892571
0,99,0.028998374938964844,0.9827914684792107
0,100,0.030027389526367188,0.9782416552693954
0,101,0.030961036682128906,0.9734117912191861
0,102,0.032996416091918945,0.9619594546734365
0,103,0.031032323837280273,0.9830344583312046
0,104,0.031998395919799805,0.9867993164824775
0,105,0.029998302459716797,0.9813438750057
0,106,0.029996395111083984,0.9761525899500253
0,107,0.031967878341674805,0.9697105416582659
0,108,0.02896595001220703,0.9821471432405781
0,109,0.02900075912475586,0.974277953629678
0,110,0.028996944427490234,0.9640345401712482
0,111,0.028998374938964844,0.9526138248513835
0,112,0.02899932861328125,0.9397566667557428
0,114,0.029997825622558594,0.9612313867958467
0,115,0.029998302459716797,0.9291108676327703
0,116,0.027998685836791992,0.9571011888703503
0,117,0.028998613357543945,0.9633436378621757
0,118,0.027999401092529297,0.9686896298660356
0,119,0.0290224552154541,0.9783803346498756
0,120,0.029996633529663086,0.9842178750841176
0,121,0.03199934959411621,0.9787256994800512
0,122,0.029000282287597656,0.9843170428166009
0,123,0.031030893325805664,0.986619868263761
0,124,0.0299990177154541,0.9813868912883829
0,125,0.030966997146606445,0.970769880396153
0,126,0.029024839401245117,0.9887044757609996
0,127,0.028998374938964844,0.9723403420167714
0,128,0.0299990177154541,0.9814078646799961
0,129,0.028996944427490234,0.9720771814625704
0,130,0.031030893325805664,0.974440177974511
0,131,0.027968645095825195,0.6891583610265054
0,132,0.026964426040649414,0.8375228623694999
0,133,0.030998706817626953,0.9721050245935352
0,134,0.033030033111572266,0.9703504722824503
0,135,0.026995420455932617,0.9801437604836953
0,136,0.029967546463012695,0.9742779208771766
0,137,0.0280301570892334,0.9935035517629076
0,138,0.027996540069580078,0.9874171591990807
0,139,0.028995752334594727,0.9850578682170935
0,140,0.029001235961914062,0.9870391174930436
0,141,0.02796483039855957,0.9789821557873043
0,142,0.029996395111083984,0.980681064710268
0,143,0.029967069625854492,0.9796152472469775
0,144,0.02902984619140625,0.9890840180424079
0,145,0.0299985408782959,0.9844678469726769
0,146,0.028995990753173828,0.9844239786245212
0,147,0.028998136520385742,0.978525912321524
0,148,0.029964208602905273,0.9774675819873307
0,149,0.028031349182128906,0.9649599968123987
0,150,0.027999162673950195,0.7011311181095804
0,151,0.028963565826416016,0.9330448786196835
0,152,0.028998613357543945,0.9335319338717887
0,153,0.029999732971191406,0.928775154741574
0,154,0.028028011322021484,0.9515323303416919
0,155,0.028998613357543945,0.9892359706059916
0,156,0.029003381729125977,0.9877188396845168
0,157,0.028998851776123047,0.990761744800116
0,158,0.030994415283203125,0.991862476378704
0,159,0.02999711036682129,0.9816079860251589
0,160,0.030997753143310547,0.9867760412566944
0,161,0.03096795082092285,0.9873312377968968
0,162,0.028029680252075195,0.9881761011938741
0,163,0.029998064041137695,0.9752970075399612
0,164,0.030029296875,0.9888350952706371
0,165,0.028996944427490234,0.9789385668008659
0,166,0.029994964599609375,0.9786729797413234
0,167,0.029997825622558594,0.9813778742528465
0,168,0.028967618942260742,0.9739783352546783
0,169,0.030029773712158203,0.9281627474174343
0,170,0.029998302459716797,0.9587102436836855
0,171,0.0299985408782959,0.9555951047876674
0,172,0.027962684631347656,0.9488721913358299
0,173,0.02696681022644043,0.9548141895470545
0,174,0.02899909019470215,0.9770386130070012
0,175,0.027997970581054688,0.9857210861210315
0,176,0.02899479866027832,0.9756232970035665
0,177,0.028964519500732422,0.9809987710238467
0,178,0.029029369354248047,0.9915510442558969
0,179,0.02999711036682129,0.9928234389849208
0,180,0.032027244567871094,0.9823691846687975
0,181,0.02996826171875,0.9779051991993064
0,182,0.030999183654785156,0.9753523959965368
0,183,0.028030872344970703,0.9747983401770649
0,184,0.028964519500732422,0.9819738061419547
0,185,0.029998302459716797,0.9412645655712485
0,186,0.027998924255371094,0.978044272268196
0,187,0.027965784072875977,0.8967541145191096
0,188,0.0280306339263916,0.8747466790605354
0,189,0.02696394920349121,0.980319926322967
init solution: max - 0.99,     mean - 0.96,     min - 0.69
0,0,0.031029701232910156,0.9369077761049969
0,1,0.03197956085205078,0.9291035075194249
0,2,0.02796173095703125,0.9007454669230558
0,3,0.030033588409423828,0.9476866733762451
0,4,0.028995752334594727,0.9631637505254164
0,5,0.02796792984008789,0.9607901076270081
0,6,0.029996871948242188,0.9585542379920932
0,7,0.03203010559082031,0.9662207454618733
0,8,0.028964519500732422,0.956745904095034
0,9,0.0299680233001709,0.9575620613440194
0,10,0.03099846839904785,0.9680890096285658
0,11,0.02902984619140625,0.9586628609917924
0,12,0.02799534797668457,0.9721851244110924
0,13,0.02899932861328125,0.9672598578574746
0,14,0.0299680233001709,0.9452905256538627
0,15,0.02800583839416504,0.9563014782073398
0,16,0.029999256134033203,0.9579385699946309
0,17,0.028994083404541016,0.9718549061819031
0,18,0.027996301651000977,0.9429001834532681
0,19,0.028965473175048828,0.8837533080055716
0,20,0.03099799156188965,0.9328056356869106
0,21,0.029027462005615234,0.8871666142529153
0,22,0.027999401092529297,0.979596432439472
0,23,0.028999805450439453,0.9707731644815673
0,24,0.031032562255859375,0.9632829876904547
0,25,0.026994705200195312,0.9667157058784512
0,26,0.0300295352935791,0.9648426034154264
0,27,0.02899479866027832,0.971282648719649
0,28,0.03299546241760254,0.950701501961336
0,29,0.03099370002746582,0.9671605689825287
0,30,0.02799248695373535,0.9577417570504443
0,31,0.030995845794677734,0.967039798327776
0,32,0.029996395111083984,0.9638235727525647
0,33,0.029966115951538086,0.9483710845056389
0,34,0.03003072738647461,0.9508436253877084
0,35,0.029994964599609375,0.9554378714747411
0,36,0.028995752334594727,0.958717971987452
0,37,0.027994155883789062,0.931595375383587
0,38,0.027967453002929688,0.9914477634475971
0,39,0.028998851776123047,0.9870099837717077
0,40,0.0280301570892334,0.960488285854156
0,41,0.0299985408782959,0.9190868051466177
0,42,0.029999971389770508,0.9815798489748694
0,43,0.02999734878540039,0.971411456160165
0,44,0.0299985408782959,0.9778941881675363
0,45,0.030997037887573242,0.9708149812368847
0,46,0.03299856185913086,0.9747237898523403
0,47,0.028998136520385742,0.9830100683156537
0,48,0.029993534088134766,0.9799135976542362
0,49,0.028998136520385742,0.9843238238945071
0,50,0.029000520706176758,0.9650102728497398
0,51,0.029966354370117188,0.9827846533465102
0,52,0.029031753540039062,0.9759209085651255
0,53,0.028998136520385742,0.9801679055102976
0,54,0.028998136520385742,0.9642475696643279
0,55,0.029997825622558594,0.9691510236297874
0,56,0.029001235961914062,0.8856760366102618
0,57,0.02899789810180664,0.9762748795124778
0,58,0.0299990177154541,0.9637653379533295
0,59,0.027999162673950195,0.9329959330467892
0,60,0.031027555465698242,0.9844069184162407
0,61,0.02999567985534668,0.9714733924801476
0,62,0.03000044822692871,0.9770010301405632
0,63,0.05199837684631348,0.9756086800636437
0,64,0.030998706817626953,0.9619654805663371
0,65,0.029967069625854492,0.9840822050207368
0,66,0.029030799865722656,0.9867399745595397
0,67,0.029967308044433594,0.9813667069584676
0,68,0.030031919479370117,0.9643302266460119
0,69,0.0310056209564209,0.9802901441042434
0,70,0.02996540069580078,0.9854206481379894
0,71,0.029998779296875,0.9713333380031957
0,72,0.03302621841430664,0.9750851563721606
0,73,0.028000593185424805,0.984801213972226
0,74,0.02996540069580078,0.9657417154968021
0,75,0.02896571159362793,0.8545264973596671
0,76,0.028027772903442383,0.941260136957908
0,77,0.029967784881591797,0.9706149629394123
0,78,0.02902960777282715,0.921898200809486
0,79,0.028967857360839844,0.9423917346259693
0,80,0.030028104782104492,0.9750555869086271
0,81,0.02798748016357422,0.9739730473743581
0,82,0.030966758728027344,0.9767685292612414
0,83,0.06099748611450195,0.982279286618468
0,84,0.02799701690673828,0.9825770587372993
0,85,0.03099679946899414,0.9682147628179937
0,86,0.029031753540039062,0.9741962655913258
0,87,0.028998136520385742,0.980446403665505
0,88,0.02900218963623047,0.9752656514264902
0,89,0.029998064041137695,0.9608278050497154
0,90,0.030028104782104492,0.9711133045158203
0,91,0.028963804244995117,0.8929769926852934
0,92,0.02899909019470215,0.9703982745623293
0,93,0.02902984619140625,0.9216121481379842
0,94,0.027998685836791992,0.9412998663466098
0,95,0.031964778900146484,0.9763284873057183
0,96,0.029030561447143555,0.9638702887010508
0,97,0.028997421264648438,0.9640881712964882
0,98,0.029003381729125977,0.9556073365040023
0,99,0.028969526290893555,0.9829457849101476
0,100,0.029994487762451172,0.9787876070428273
0,101,0.029963970184326172,0.9738699904245339
0,102,0.03202652931213379,0.9651544990158696
0,103,0.0319666862487793,0.9842954210526461
0,104,0.03399801254272461,0.9866518108647059
0,105,0.029997587203979492,0.9778425926857551
0,106,0.03699922561645508,0.9752533000655493
0,107,0.0469968318939209,0.9726292425979517
0,108,0.03099989891052246,0.9813680400195189
0,109,0.027998924255371094,0.9738133685296552
0,110,0.03299999237060547,0.9634714528964585
0,111,0.03199887275695801,0.9604849032356023
0,112,0.031999826431274414,0.9352244309782729
0,114,0.03099679946899414,0.9633226888805062
0,115,0.03199887275695801,0.9226611179409128
0,116,0.02899765968322754,0.9559273660631143
0,117,0.03200173377990723,0.9621801694781827
0,118,0.032999515533447266,0.9744422238479779
0,119,0.03599667549133301,0.9771715393862017
0,120,0.03499770164489746,0.9841133685324311
0,121,0.03799867630004883,0.9806991193023971
0,122,0.0339968204498291,0.9845241713777715
0,123,0.03499960899353027,0.9825160760265997
0,124,0.030997276306152344,0.9812499577743832
0,125,0.032998085021972656,0.9729993653133915
0,126,0.029030799865722656,0.9881627765033362
0,127,0.028998851776123047,0.9732940328408446
0,128,0.027994871139526367,0.9830657288669767
0,129,0.02996540069580078,0.9742331543773365
0,130,0.031029224395751953,0.9748997491414608
0,131,0.02896857261657715,0.6876288041694664
0,132,0.027998924255371094,0.8375228623694998
0,133,0.031998395919799805,0.9732100761439391
0,134,0.03200054168701172,0.9764406140442595
0,135,0.027998924255371094,0.9845429602587592
0,136,0.0300295352935791,0.972803757208597
0,137,0.028968095779418945,0.9931361311216369
0,138,0.029029130935668945,0.9874171591990808
0,139,0.028995990753173828,0.9852586027352546
0,140,0.028997421264648438,0.9864371076056393
0,141,0.027997970581054688,0.9814712740286613
0,142,0.02996683120727539,0.9737358213241967
0,143,0.02996683120727539,0.9819025227443785
0,144,0.028998613357543945,0.9917250719219746
0,145,0.03000020980834961,0.9815806483076921
0,146,0.02902698516845703,0.9828761878356448
0,147,0.02899765968322754,0.9791433235864498
0,148,0.029000520706176758,0.9743850127791904
0,149,0.028003215789794922,0.9649599968123973
0,150,0.02796792984008789,0.7011311181095794
0,151,0.02903008460998535,0.9423689852834348
0,152,0.02799677848815918,0.9321609814214808
0,153,0.029030323028564453,0.9266426838719388
0,154,0.026998281478881836,0.951532330341689
0,155,0.0300290584564209,0.9898411149482749
0,156,0.02799534797668457,0.9876242198631809
0,157,0.030001163482666016,0.9906312657137654
0,158,0.030965089797973633,0.9916971503302956
0,159,0.028999805450439453,0.9785449176269873
0,160,0.031000614166259766,0.9863171602933212
0,161,0.030962705612182617,0.9896246017618457
0,162,0.029996633529663086,0.987740555330768
0,163,0.030999422073364258,0.975997093062303
0,164,0.030998706817626953,0.9907755732642773
0,165,0.027999162673950195,0.9765664396280955
0,166,0.029998302459716797,0.9775511929149429
0,167,0.030027151107788086,0.9820262318717018
0,168,0.029026269912719727,0.9713065255615504
0,169,0.028998851776123047,0.9327380856180785
0,170,0.0300290584564209,0.9587102436836855
0,171,0.02899622917175293,0.9498414396082233
0,172,0.026996612548828125,0.9458537154059953
0,173,0.02696704864501953,0.9494103590286738
0,174,0.028996944427490234,0.9765511305907089
0,175,0.02803349494934082,0.9857210861210303
0,176,0.029967546463012695,0.9724513287787115
0,177,0.02899789810180664,0.9813066507482958
0,178,0.029028892517089844,0.9911338124718255
0,179,0.030966997146606445,0.9921607609070408
0,180,0.031998634338378906,0.9847621646214855
0,181,0.02899646759033203,0.9816797849390267
0,182,0.030033588409423828,0.9753523959965361
0,183,0.027994155883789062,0.9747611993448773
0,184,0.02899765968322754,0.9814716543105062
0,185,0.028964757919311523,0.9452555944254688
0,186,0.02799844741821289,0.9742745510526234
0,187,0.027998685836791992,0.9056788525351769
0,188,0.027028560638427734,0.878371060249753
0,189,0.027994632720947266,0.9803199263229666
init solution: max - 0.99,     mean - 0.96,     min - 0.69
0,0,0.030023813247680664,0.9369077761049961
0,1,0.03197789192199707,0.9376594271005851
0,2,0.029030799865722656,0.9007454669230576
0,3,0.027997970581054688,0.9473259232136155
0,4,0.02996683120727539,0.957650208776547
0,5,0.029999256134033203,0.9607901076270088
0,6,0.031998634338378906,0.9585542379920936
0,7,0.03199911117553711,0.9662207454618721
0,8,0.031000852584838867,0.9567459040950336
0,9,0.0319981575012207,0.9545928284705981
0,10,0.029998779296875,0.9672615122029227
0,11,0.02899622917175293,0.9582243813538412
0,12,0.0299990177154541,0.9721851244110917
0,13,0.02899956703186035,0.9626076017642263
0,14,0.030998945236206055,0.9482560187243785
0,15,0.0280001163482666,0.9583684431612172
0,16,0.031000614166259766,0.959888967671581
0,17,0.028996706008911133,0.972253611557218
0,18,0.026998043060302734,0.9429001834532678
0,19,0.02899622917175293,0.8778764930093048
0,20,0.030999183654785156,0.9304152565761162
0,21,0.02900075912475586,0.8652319244118123
0,22,0.02799391746520996,0.9813554015691189
0,23,0.028964757919311523,0.9706932323364638
0,24,0.031030654907226562,0.9642120874258372
0,25,0.026963472366333008,0.9667157058784516
0,26,0.029972553253173828,0.967910131290414
0,27,0.029031753540039062,0.9725973807793897
0,28,0.03200078010559082,0.9478161562794406
0,29,0.03099656105041504,0.9605477236298325
0,30,0.02900075912475586,0.9651209199821426
0,31,0.030996084213256836,0.9613687529167738
0,32,0.031001567840576172,0.9627830459738994
0,33,0.028968334197998047,0.9481072658679504
0,34,0.029999256134033203,0.9521728483220254
0,35,0.029967546463012695,0.9551707753614999
0,36,0.02902817726135254,0.9589656730379921
0,37,0.028001785278320312,0.9355706398872782
0,38,0.029001235961914062,0.9920549720289975
0,39,0.027996301651000977,0.9873564514306888
0,40,0.028028488159179688,0.9604882858541571
0,41,0.028998851776123047,0.9214191103291821
0,42,0.028964996337890625,0.9813900566599902
0,43,0.02903580665588379,0.9713494548710649
0,44,0.029996156692504883,0.9785505164664321
0,45,0.03102731704711914,0.9749863477867392
0,46,0.032994985580444336,0.9727316096480482
0,47,0.029998779296875,0.9816614472354579
0,48,0.029965877532958984,0.9812300947492996
0,49,0.02899909019470215,0.9870234826736128
0,50,0.02900862693786621,0.9679063649945594
0,51,0.031030654907226562,0.978223513646155
0,52,0.028998374938964844,0.9758054931760559
0,53,0.02899765968322754,0.9781668509564955
0,54,0.029999971389770508,0.9646896054987758
0,55,0.029996156692504883,0.9618691302382834
0,56,0.027998685836791992,0.8856760366102616
0,57,0.02903270721435547,0.978587806858473
0,58,0.028965234756469727,0.9652528225716926
0,59,0.028025388717651367,0.9368720854609509
0,60,0.029969453811645508,0.9647367622597032
0,61,0.029999494552612305,0.977597590866789
0,62,0.0299990177154541,0.9749823872469348
0,63,0.02899956703186035,0.9790804951590757
0,64,0.028968095779418945,0.9596418857711375
0,65,0.030994415283203125,0.9801557893690444
0,66,0.028964519500732422,0.9900856275921159
0,67,0.031000614166259766,0.9773411313649789
0,68,0.028963327407836914,0.9587876792013086
0,69,0.030999183654785156,0.9706537274439283
0,70,0.029999494552612305,0.9840510465445009
0,71,0.030028581619262695,0.9710842457744888
0,72,0.03099679946899414,0.9727986739226989
0,73,0.029995441436767578,0.9819073628410285
0,74,0.030969619750976562,0.9692862266250819
0,75,0.02802753448486328,0.8545264973596658
0,76,0.027994632720947266,0.9419328812846057
0,77,0.02899622917175293,0.9766793774523708
0,78,0.029000520706176758,0.9108866499236691
0,79,0.02800154685974121,0.9171256119325245
0,80,0.029999971389770508,0.9780850163342144
0,81,0.027999162673950195,0.9745885308432374
0,82,0.031001806259155273,0.9764467848317446
0,83,0.03299307823181152,0.9856440281160096
0,84,0.02799201011657715,0.9832276719241642
0,85,0.030966997146606445,0.9694877948876169
0,86,0.029999494552612305,0.9803902379652649
0,87,0.02899932861328125,0.975588515802685
0,88,0.0300295352935791,0.9742359088960284
0,89,0.029999256134033203,0.9643659064338584
0,90,0.028998613357543945,0.9727219735886561
0,91,0.02799820899963379,0.890500543054179
0,92,0.029000520706176758,0.9670237820116505
0,93,0.02899932861328125,0.922685973992598
0,94,0.02899932861328125,0.9431856455670071
0,95,0.03099513053894043,0.9778557668437882
0,96,0.028996706008911133,0.9617945159215444
0,97,0.027991771697998047,0.9640881712964885
0,98,0.030004262924194336,0.9503206998202957
0,99,0.028995752334594727,0.9791801549787431
0,100,0.0299685001373291,0.9799355130972006
0,101,0.030999422073364258,0.9738315539511945
0,102,0.033035993576049805,0.9607383550821138
0,103,0.03100442886352539,0.9863188101520445
0,104,0.03200030326843262,0.986690416526178
0,105,0.029028654098510742,0.9794384906958086
0,106,0.028967857360839844,0.9743822652889399
0,107,0.029028654098510742,0.9689849741759535
0,108,0.03000044822692871,0.9811135636581084
0,109,0.027970314025878906,0.9724775524196841
0,110,0.02899479866027832,0.9635135903467392
0,111,0.02799701690673828,0.9556944382382448
0,112,0.028964757919311523,0.9365245666483238
0,114,0.0299685001373291,0.9651615072343966
0,115,0.03000044822692871,0.930101838738855
0,116,0.027996540069580078,0.9641347986786664
0,117,0.028998851776123047,0.9622180938702832
0,118,0.02896857261657715,0.9761573721361816
0,119,0.029000520706176758,0.9780304082136999
0,120,0.03000164031982422,0.9825944094604127
0,121,0.031961917877197266,0.9783662443339658
0,122,0.030005455017089844,0.9836168124374363
0,123,0.030994176864624023,0.9833014501416067
0,124,0.02999424934387207,0.9812304854729827
0,125,0.03099536895751953,0.9756303116166788
0,126,0.030029296875,0.9882343581939358
0,127,0.029002904891967773,0.9753459386410124
0,128,0.029963254928588867,0.9830744429680458
0,129,0.028998851776123047,0.9752371382543551
0,130,0.031027555465698242,0.9762940415512203
0,131,0.026997804641723633,0.686586382321656
0,132,0.026999711990356445,0.8375228623695001
0,133,0.031969308853149414,0.9698019318687148
0,134,0.03199934959411621,0.9691123592600773
0,135,0.026999235153198242,0.9811702895642032
0,136,0.02899956703186035,0.9716336107096539
0,137,0.02899932861328125,0.9919485516130707
0,138,0.0290377140045166,0.9882214090461193
0,139,0.02999091148376465,0.9844074673478757
0,140,0.028963565826416016,0.9834070566278048
0,141,0.028031110763549805,0.9805347999145932
0,142,0.029967069625854492,0.9770636020719484
0,143,0.030025959014892578,0.9771021294306756
0,144,0.027964353561401367,0.9917521514350479
0,145,0.029033899307250977,0.9869781418565677
0,146,0.02899646759033203,0.9814698574630464
0,147,0.028967618942260742,0.978799548874017
0,148,0.029000282287597656,0.9763894231237267
0,149,0.027997255325317383,0.9667835064867252
0,150,0.026999711990356445,0.6987072787298565
0,151,0.029029130935668945,0.9330448786196835
0,152,0.02896904945373535,0.9365579926881672
0,153,0.02900075912475586,0.9137685488943114
0,154,0.028996944427490234,0.9551142742413977
0,155,0.029998779296875,0.9846246834676583
0,156,0.029007673263549805,0.9898563507373114
0,157,0.02901434898376465,0.9883142485912515
0,158,0.02996540069580078,0.9907002661491746
0,159,0.02903008460998535,0.9825244032078421
0,160,0.0299680233001709,0.9847531341115674
0,161,0.031996726989746094,0.9890268626064187
0,162,0.027998685836791992,0.9867348619967661
0,163,0.031000852584838867,0.9742964504025123
0,164,0.029967308044433594,0.9897232354106568
0,165,0.02899956703186035,0.9785442136387941
0,166,0.029999494552612305,0.9777374767734522
0,167,0.030999183654785156,0.9781491200521077
0,168,0.029029130935668945,0.97593346624256
0,169,0.029027700424194336,0.934484270168835
0,170,0.02899956703186035,0.9587102436836855
0,171,0.028967857360839844,0.9491234943412881
0,172,0.028032779693603516,0.9488721913358306
0,173,0.026999235153198242,0.9548141895470534
0,174,0.029000282287597656,0.9793040927208175
0,175,0.02702784538269043,0.9861033132514161
0,176,0.02899932861328125,0.9751802013619544
0,177,0.028998136520385742,0.9810182508949526
0,178,0.027967214584350586,0.99486805262689
0,179,0.02999258041381836,0.9952765800042708
0,180,0.031968116760253906,0.9825616089412252
0,181,0.029000520706176758,0.9808124316717839
0,182,0.029964685440063477,0.9749956418335121
0,183,0.02903151512145996,0.9778708429700448
0,184,0.02899336814880371,0.9785813398587249
0,185,0.02896595001220703,0.9418458100499995
0,186,0.02997279167175293,0.9767981892046557
0,187,0.027999401092529297,0.899853184544783
0,188,0.0279998779296875,0.8783710602497532
0,189,0.026999711990356445,0.9803199263229668
init solution: max - 1.00,     mean - 0.96,     min - 0.69
